<?xml version="1.0" encoding="utf-8"?><testsuites name="pytest tests"><testsuite name="pytest" errors="0" failures="0" skipped="0" tests="81" time="27.378" timestamp="2026-07-29T08:12:19.989827-03:00" hostname="PC_VENDA01"><testcase classname="tests.integration.test_cli" name="test_database_check_returns_success" time="0.654" /><testcase classname="tests.integration.test_cli" name="test_seed_returns_success" time="0.246" /><testcase classname="tests.integration.test_cli" name="test_collect_dry_run_returns_success" time="0.284" /><testcase classname="tests.integration.test_cli" name="test_collect_unknown_source_returns_collection_error" time="0.245" /><testcase classname="tests.integration.test_cli" name="test_full_flow_list_show_approve_reject_export" time="0.664" /><testcase classname="tests.integration.test_cli" name="test_show_unknown_product_returns_argument_error" time="0.198" /><testcase classname="tests.integration.test_cli" name="test_log_level_override_is_accepted" time="0.199" /><testcase classname="tests.integration.test_collection_service" name="test_dry_run_validates_but_writes_nothing" time="0.288" /><testcase classname="tests.integration.test_collection_service" name="test_real_run_creates_products_with_scores" time="0.575" /><testcase classname="tests.integration.test_collection_service" name="test_second_run_updates_instead_of_duplicating" time="0.944" /><testcase classname="tests.integration.test_collection_service" name="test_unknown_source_raises_source_unavailable" time="0.309" /><testcase classname="tests.integration.test_export" name="test_export_to_csv_writes_expected_rows" time="0.723" /><testcase classname="tests.integration.test_export" name="test_export_to_xlsx_writes_valid_workbook" time="1.559" /><testcase classname="tests.integration.test_export" name="test_export_rows_respect_minimum_score_filter" time="0.629" /><testcase classname="tests.integration.test_history" name="test_add_snapshot_and_list_by_product_source" time="0.344" /><testcase classname="tests.integration.test_history" name="test_list_by_product_joins_through_product_source" time="0.233" /><testcase classname="tests.integration.test_mock_collector" name="test_mock_collector_validates_configuration" time="0.201" /><testcase classname="tests.integration.test_mock_collector" name="test_mock_collector_yields_at_least_15_products_with_history" time="0.207" /><testcase classname="tests.integration.test_mock_collector" name="test_mock_collector_respects_category_filter" time="0.208" /><testcase classname="tests.integration.test_mock_collector" name="test_mock_collector_respects_limit" time="0.213" /><testcase classname="tests.integration.test_mock_collector" name="test_mock_collector_healthcheck_true_when_fixture_exists" time="0.207" /><testcase classname="tests.integration.test_moderation" name="test_approve_sets_status_and_publication_record" time="0.216" /><testcase classname="tests.integration.test_moderation" name="test_reject_sets_status_and_publication_record" time="0.363" /><testcase classname="tests.integration.test_moderation" name="test_approve_then_reject_updates_same_publication_record" time="0.330" /><testcase classname="tests.integration.test_product_repository" name="test_add_and_get_by_id" time="0.314" /><testcase classname="tests.integration.test_product_repository" name="test_get_by_canonical_hash" time="0.330" /><testcase classname="tests.integration.test_product_repository" name="test_list_candidates_for_matching_scoped_to_category" time="1.596" /><testcase classname="tests.integration.test_product_repository" name="test_get_or_create_product_source_is_idempotent_by_external_id" time="0.219" /><testcase classname="tests.integration.test_seed" name="test_seed_creates_expected_reference_data" time="0.237" /><testcase classname="tests.integration.test_seed" name="test_seed_is_idempotent" time="0.375" /><testcase classname="tests.unit.test_deduplication" name="test_classify_match_exact_when_hashes_equal" time="0.342" /><testcase classname="tests.unit.test_deduplication" name="test_classify_match_possible_for_similar_names" time="0.211" /><testcase classname="tests.unit.test_deduplication" name="test_classify_match_different_for_unrelated_names" time="0.200" /><testcase classname="tests.unit.test_deduplication" name="test_find_best_match_returns_none_when_no_candidates" time="0.213" /><testcase classname="tests.unit.test_deduplication" name="test_find_best_match_prefers_exact_hash_match" time="0.204" /><testcase classname="tests.unit.test_deduplication" name="test_find_best_match_picks_most_similar_candidate" time="0.204" /><testcase classname="tests.unit.test_hashing" name="test_compute_canonical_hash_is_deterministic" time="0.205" /><testcase classname="tests.unit.test_hashing" name="test_compute_canonical_hash_is_case_insensitive" time="0.210" /><testcase classname="tests.unit.test_hashing" name="test_compute_canonical_hash_differs_by_brand" time="0.208" /><testcase classname="tests.unit.test_hashing" name="test_compute_canonical_hash_handles_missing_brand" time="0.209" /><testcase classname="tests.unit.test_hashing" name="test_compute_url_hash_is_deterministic" time="0.198" /><testcase classname="tests.unit.test_hashing" name="test_sha256_hex_length" time="0.210" /><testcase classname="tests.unit.test_safety_service" name="test_neutral_product_generates_no_special_alerts" time="0.199" /><testcase classname="tests.unit.test_safety_service" name="test_missing_age_range_generates_alert" time="0.204" /><testcase classname="tests.unit.test_safety_service" name="test_choking_hazard_keyword_generates_alert" time="0.217" /><testcase classname="tests.unit.test_safety_service" name="test_sleep_keyword_generates_alert" time="1.764" /><testcase classname="tests.unit.test_safety_service" name="test_ingestible_keyword_generates_alert" time="0.201" /><testcase classname="tests.unit.test_safety_service" name="test_medical_claim_keyword_generates_alert" time="0.209" /><testcase classname="tests.unit.test_safety_service" name="test_electric_keyword_generates_alert" time="0.196" /><testcase classname="tests.unit.test_safety_service" name="test_transport_keyword_generates_alert" time="0.219" /><testcase classname="tests.unit.test_safety_service" name="test_high_risk_level_requires_manual_review" time="0.203" /><testcase classname="tests.unit.test_safety_service" name="test_critical_risk_level_requires_manual_review" time="0.198" /><testcase classname="tests.unit.test_safety_service" name="test_alerts_have_no_duplicates" time="0.212" /><testcase classname="tests.unit.test_schemas" name="test_valid_product_passes_validation" time="0.196" /><testcase classname="tests.unit.test_schemas" name="test_empty_name_is_rejected" time="0.203" /><testcase classname="tests.unit.test_schemas" name="test_negative_price_is_rejected" time="0.199" /><testcase classname="tests.unit.test_schemas" name="test_invalid_currency_code_is_rejected" time="0.225" /><testcase classname="tests.unit.test_schemas" name="test_rating_out_of_range_is_rejected" time="0.203" /><testcase classname="tests.unit.test_schemas" name="test_negative_review_count_is_rejected" time="0.197" /><testcase classname="tests.unit.test_schemas" name="test_currency_is_normalized_to_uppercase" time="0.214" /><testcase classname="tests.unit.test_scoring.TestTrendScore" name="test_returns_none_when_insufficient_history" time="0.198" /><testcase classname="tests.unit.test_scoring.TestTrendScore" name="test_strong_growth_is_classified_correctly" time="0.202" /><testcase classname="tests.unit.test_scoring.TestTrendScore" name="test_decline_is_classified_correctly" time="0.207" /><testcase classname="tests.unit.test_scoring.TestTrendScore" name="test_small_sample_growth_is_dampened_below_large_absolute_growth" time="0.228" /><testcase classname="tests.unit.test_scoring.TestSocialScore" name="test_base_score_without_bonuses" time="0.198" /><testcase classname="tests.unit.test_scoring.TestSocialScore" name="test_category_and_keyword_bonuses_increase_score" time="1.693" /><testcase classname="tests.unit.test_scoring.TestSocialScore" name="test_score_never_exceeds_100" time="0.339" /><testcase classname="tests.unit.test_scoring.TestRiskScore" name="test_low_risk_for_neutral_product" time="0.197" /><testcase classname="tests.unit.test_scoring.TestRiskScore" name="test_high_risk_for_choking_hazard_keywords" time="0.215" /><testcase classname="tests.unit.test_scoring.TestRiskScore" name="test_missing_age_range_adds_penalty" time="0.200" /><testcase classname="tests.unit.test_scoring.TestRiskScore" name="test_classify_risk_level_thresholds" time="0.205" /><testcase classname="tests.unit.test_scoring.TestOpportunityScore" name="test_high_risk_reduces_opportunity_score" time="0.204" /><testcase classname="tests.unit.test_scoring.TestOpportunityScore" name="test_missing_trend_score_uses_neutral_value" time="0.222" /><testcase classname="tests.unit.test_scoring.TestOpportunityScore" name="test_score_bounded_between_0_and_100" time="0.197" /><testcase classname="tests.unit.test_text_normalization" name="test_normalize_for_comparison_removes_accents_and_case" time="0.200" /><testcase classname="tests.unit.test_text_normalization" name="test_normalize_for_comparison_removes_promotional_terms" time="0.215" /><testcase classname="tests.unit.test_text_normalization" name="test_remove_promotional_terms_keeps_other_words" time="0.197" /><testcase classname="tests.unit.test_text_normalization" name="test_normalize_for_storage_preserves_accents" time="0.203" /><testcase classname="tests.unit.test_text_normalization" name="test_normalize_product_name_returns_all_three_variants" time="0.202" /><testcase classname="tests.unit.test_text_normalization" name="test_normalize_url_strips_tracking_query_params" time="0.204" /><testcase classname="tests.unit.test_text_normalization" name="test_normalize_url_handles_none" time="0.271" /></testsuite></testsuites>